<?xml version="1.0" encoding="UTF-8"?>
<!-- Generated by org.testng.reporters.JUnitReportReporter -->
<testsuite hostname="LIN-5CG136BS5N" failures="0" tests="5" name="runner.TestNG" time="302.734" errors="0" timestamp="2024-04-03T12:58:46 IST" skipped="0">
  <testcase classname="runner.TestNG" name="runScenario" time="62.952"/>
  <testcase classname="runner.TestNG" name="runScenario" time="50.088"/>
  <testcase classname="runner.TestNG" name="runScenario" time="55.871"/>
  <testcase classname="runner.TestNG" name="runScenario" time="76.846"/>
  <testcase classname="runner.TestNG" name="runScenario" time="56.977"/>
</testsuite> <!-- runner.TestNG -->
