<?xml version="1.0" encoding="UTF-8"?>
<!-- Generated by org.testng.reporters.JUnitReportReporter -->
<testsuite hostname="LIN-5CG136BS5N" failures="0" tests="2" name="stepdefinitions.ExcelExecution" time="5.554" errors="0" timestamp="2024-04-03T14:52:01 IST" skipped="0">
  <testcase classname="stepdefinitions.ExcelExecution" name="TestExcel" time="1.814"/>
  <testcase classname="stepdefinitions.ExcelExecution" name="TestExcel" time="3.740"/>
</testsuite> <!-- stepdefinitions.ExcelExecution -->
